<?xml version="1.0" encoding="UTF-8"?>
<!-- Generated by org.testng.reporters.JUnitXMLReporter -->
<testsuite ignored="0" hostname="inbl01lap7185" failures="1" tests="2" name="Test" time="118.716" errors="0" timestamp="2022-02-16T12:58:32 GMT-05:00">
  <testcase classname="TestPackage.LoginPageTest" name="validateRegistrationOfPatientSuccessfully" time="41.805"/>
  <testcase classname="TestPackage.LoginPageTest" name="verifyPatientIsAvailable" time="31.403">
    <failure type="java.lang.ClassCastException" message="class org.openqa.selenium.chrome.ChromeDriver cannot be cast to class org.openqa.selenium.WebElement (org.openqa.selenium.chrome.ChromeDriver and org.openqa.selenium.WebElement are in unnamed module of loader &amp;apos;app&amp;apos;)">
      <![CDATA[java.lang.ClassCastException: class org.openqa.selenium.chrome.ChromeDriver cannot be cast to class org.openqa.selenium.WebElement (org.openqa.selenium.chrome.ChromeDriver and org.openqa.selenium.WebElement are in unnamed module of loader 'app')
at Page.FindPatientPage.searchPatient(FindPatientPage.java:29)
at TestPackage.LoginPageTest.verifyPatientIsAvailable(LoginPageTest.java:58)
at java.base/java.util.ArrayList.forEach(ArrayList.java:1511)
... Removed 27 stack frames]]>
    </failure>
  </testcase> <!-- verifyPatientIsAvailable -->
</testsuite> <!-- Test -->
